

*******************************************************************************
Tue Apr 07 19:49:17 2020


FIT:    data read from "SecuencialMedioEmpirico.dat" using 1:2
        format = x:z
        #datapoints = 10
        residuals are weighted equally (unit weight)

function used for fitting: N(x)
fitted parameters initialized with current variable values



 Iteration 0
 WSSR        : 3.86101e+006      delta(WSSR)/WSSR   : 0
 delta(WSSR) : 0                 limit for stopping : 1e-005
 lambda	  : 438.749

initial set of free parameter values

a               = 1
b               = 1

After 8 iterations the fit converged.
final sum of squares of residuals : 5.96488e-015
rel. change during last iteration : -2.64502e-016

degrees of freedom    (FIT_NDF)                        : 8
rms of residuals      (FIT_STDFIT) = sqrt(WSSR/ndf)    : 2.73059e-008
variance of residuals (reduced chisquare) = WSSR/ndf   : 7.4561e-016

Final set of parameters            Asymptotic Standard Error
=======================            ==========================

a               = 5.72008e-010     +/- 3.006e-011   (5.256%)
b               = 1.07953e-007     +/- 1.865e-008   (17.28%)


correlation matrix of the fit parameters:

               a      b      
a               1.000 
b              -0.886  1.000 


*******************************************************************************
Tue Apr 07 19:49:42 2020


FIT:    data read from "SecuencialMejorEmpirico.dat" using 1:2
        format = x:z
        #datapoints = 10
        residuals are weighted equally (unit weight)

function used for fitting: C(x)
fitted parameters initialized with current variable values



 Iteration 0
 WSSR        : 10                delta(WSSR)/WSSR   : 0
 delta(WSSR) : 0                 limit for stopping : 1e-005
 lambda	  : 1

initial set of free parameter values

a               = 1

After 5 iterations the fit converged.
final sum of squares of residuals : 1.25206e-016
rel. change during last iteration : -7.87566e-016

degrees of freedom    (FIT_NDF)                        : 9
rms of residuals      (FIT_STDFIT) = sqrt(WSSR/ndf)    : 3.72984e-009
variance of residuals (reduced chisquare) = WSSR/ndf   : 1.39117e-017

Final set of parameters            Asymptotic Standard Error
=======================            ==========================

a               = 3.50518e-008     +/- 1.179e-009   (3.365%)


correlation matrix of the fit parameters:

               a      
a               1.000 


*******************************************************************************
Tue Apr 07 20:00:21 2020


FIT:    data read from "SecuencialPeorEmpirico.dat" using 1:2
        format = x:z
        #datapoints = 10
        residuals are weighted equally (unit weight)

function used for fitting: N(x)
fitted parameters initialized with current variable values



 Iteration 0
 WSSR        : 3.86101e+006      delta(WSSR)/WSSR   : 0
 delta(WSSR) : 0                 limit for stopping : 1e-005
 lambda	  : 438.749

initial set of free parameter values

a               = 1
b               = 1

After 8 iterations the fit converged.
final sum of squares of residuals : 8.60315e-015
rel. change during last iteration : -2.38405e-015

degrees of freedom    (FIT_NDF)                        : 8
rms of residuals      (FIT_STDFIT) = sqrt(WSSR/ndf)    : 3.27932e-008
variance of residuals (reduced chisquare) = WSSR/ndf   : 1.07539e-015

Final set of parameters            Asymptotic Standard Error
=======================            ==========================

a               = 1.66191e-009     +/- 3.61e-011    (2.172%)
b               = 6.08257e-008     +/- 2.24e-008    (36.83%)


correlation matrix of the fit parameters:

               a      b      
a               1.000 
b              -0.886  1.000 


*******************************************************************************
Tue Apr 07 20:03:18 2020


FIT:    data read from "SecuencialPeorEmpirico.dat" using 1:2
        format = x:z
        #datapoints = 10
        residuals are weighted equally (unit weight)

function used for fitting: N(x)
fitted parameters initialized with current variable values



 Iteration 0
 WSSR        : 3.86101e+006      delta(WSSR)/WSSR   : 0
 delta(WSSR) : 0                 limit for stopping : 1e-005
 lambda	  : 438.749

initial set of free parameter values

a               = 1
b               = 1

After 8 iterations the fit converged.
final sum of squares of residuals : 3.5318e-015
rel. change during last iteration : -6.70079e-016

degrees of freedom    (FIT_NDF)                        : 8
rms of residuals      (FIT_STDFIT) = sqrt(WSSR/ndf)    : 2.10113e-008
variance of residuals (reduced chisquare) = WSSR/ndf   : 4.41474e-016

Final set of parameters            Asymptotic Standard Error
=======================            ==========================

a               = 1.72575e-009     +/- 2.313e-011   (1.34%)
b               = 6.04715e-008     +/- 1.435e-008   (23.74%)


correlation matrix of the fit parameters:

               a      b      
a               1.000 
b              -0.886  1.000 


*******************************************************************************
Tue Apr 07 20:03:32 2020


FIT:    data read from "SecuencialMedioEmpirico.dat" using 1:2
        format = x:z
        #datapoints = 10
        residuals are weighted equally (unit weight)

function used for fitting: N(x)
fitted parameters initialized with current variable values



 Iteration 0
 WSSR        : 3.86101e+006      delta(WSSR)/WSSR   : 0
 delta(WSSR) : 0                 limit for stopping : 1e-005
 lambda	  : 438.749

initial set of free parameter values

a               = 1
b               = 1

After 8 iterations the fit converged.
final sum of squares of residuals : 6.11481e-015
rel. change during last iteration : -6.45041e-016

degrees of freedom    (FIT_NDF)                        : 8
rms of residuals      (FIT_STDFIT) = sqrt(WSSR/ndf)    : 2.76469e-008
variance of residuals (reduced chisquare) = WSSR/ndf   : 7.64351e-016

Final set of parameters            Asymptotic Standard Error
=======================            ==========================

a               = 5.54514e-010     +/- 3.044e-011   (5.489%)
b               = 1.09776e-007     +/- 1.889e-008   (17.2%)


correlation matrix of the fit parameters:

               a      b      
a               1.000 
b              -0.886  1.000 


*******************************************************************************
Tue Apr 07 20:03:42 2020


FIT:    data read from "SecuencialMejorEmpirico.dat" using 1:2
        format = x:z
        #datapoints = 10
        residuals are weighted equally (unit weight)

function used for fitting: C(x)
fitted parameters initialized with current variable values



 Iteration 0
 WSSR        : 10                delta(WSSR)/WSSR   : 0
 delta(WSSR) : 0                 limit for stopping : 1e-005
 lambda	  : 1

initial set of free parameter values

a               = 1

After 5 iterations the fit converged.
final sum of squares of residuals : 1.37763e-017
rel. change during last iteration : -5.92754e-015

degrees of freedom    (FIT_NDF)                        : 9
rms of residuals      (FIT_STDFIT) = sqrt(WSSR/ndf)    : 1.23721e-009
variance of residuals (reduced chisquare) = WSSR/ndf   : 1.5307e-018

Final set of parameters            Asymptotic Standard Error
=======================            ==========================

a               = 3.64629e-008     +/- 3.912e-010   (1.073%)


correlation matrix of the fit parameters:

               a      
a               1.000 


*******************************************************************************
Sat Apr 11 18:53:02 2020


FIT:    data read from "SecuencialPeorTeorico.dat" using 1:2
        format = x:z
        #datapoints = 10
        residuals are weighted equally (unit weight)

function used for fitting: N(x)
fitted parameters initialized with current variable values



 Iteration 0
 WSSR        : 1.39129e+008      delta(WSSR)/WSSR   : 0
 delta(WSSR) : 0                 limit for stopping : 1e-005
 lambda	  : 438.749

initial set of free parameter values

a               = 1
b               = 1

After 9 iterations the fit converged.
final sum of squares of residuals : 0
abs. change during last iteration : -1.29247e-026


Hmmmm.... Sum of squared residuals is zero. Can't compute errors.

Final set of parameters 
======================= 

a               = 7              
b               = 9              


*******************************************************************************
Sat Apr 11 18:55:24 2020


FIT:    data read from "SecuencialMedioTeorico.dat" using 1:2
        format = x:z
        #datapoints = 10
        residuals are weighted equally (unit weight)

function used for fitting: N(x)
fitted parameters initialized with current variable values



 Iteration 0
 WSSR        : 1.55766e+007      delta(WSSR)/WSSR   : 0
 delta(WSSR) : 0                 limit for stopping : 1e-005
 lambda	  : 438.749

initial set of free parameter values

a               = 1
b               = 1

After 8 iterations the fit converged.
final sum of squares of residuals : 0
abs. change during last iteration : -3.87741e-026


Hmmmm.... Sum of squared residuals is zero. Can't compute errors.

Final set of parameters 
======================= 

a               = 3              
b               = 9              


*******************************************************************************
Sat Apr 11 18:56:01 2020


FIT:    data read from "SecuencialMejorTeorico.dat" using 1:2
        format = x:z
        #datapoints = 10
        residuals are weighted equally (unit weight)

function used for fitting: C(x)
fitted parameters initialized with current variable values



 Iteration 0
 WSSR        : 640               delta(WSSR)/WSSR   : 0
 delta(WSSR) : 0                 limit for stopping : 1e-005
 lambda	  : 1

initial set of free parameter values

a               = 1

After 4 iterations the fit converged.
final sum of squares of residuals : 0
abs. change during last iteration : -5.27859e-016


Hmmmm.... Sum of squared residuals is zero. Can't compute errors.

Final set of parameters 
======================= 

a               = 9              


*******************************************************************************
Sat Apr 11 18:58:09 2020


FIT:    data read from "SecuencialPeorEmpirico.dat" using 1:2
        format = x:z
        #datapoints = 10
        residuals are weighted equally (unit weight)

function used for fitting: N(x)
fitted parameters initialized with current variable values



 Iteration 0
 WSSR        : 3.86101e+006      delta(WSSR)/WSSR   : 0
 delta(WSSR) : 0                 limit for stopping : 1e-005
 lambda	  : 438.749

initial set of free parameter values

a               = 1
b               = 1

After 8 iterations the fit converged.
final sum of squares of residuals : 1.74268e-014
rel. change during last iteration : -1.26748e-015

degrees of freedom    (FIT_NDF)                        : 8
rms of residuals      (FIT_STDFIT) = sqrt(WSSR/ndf)    : 4.66728e-008
variance of residuals (reduced chisquare) = WSSR/ndf   : 2.17835e-015

Final set of parameters            Asymptotic Standard Error
=======================            ==========================

a               = 1.83828e-009     +/- 5.139e-011   (2.795%)
b               = 4.70247e-008     +/- 3.188e-008   (67.8%)


correlation matrix of the fit parameters:

               a      b      
a               1.000 
b              -0.886  1.000 


*******************************************************************************
Sat Apr 11 18:58:43 2020


FIT:    data read from "SecuencialMedioEmpirico.dat" using 1:2
        format = x:z
        #datapoints = 10
        residuals are weighted equally (unit weight)

function used for fitting: N(x)
fitted parameters initialized with current variable values



 Iteration 0
 WSSR        : 3.86101e+006      delta(WSSR)/WSSR   : 0
 delta(WSSR) : 0                 limit for stopping : 1e-005
 lambda	  : 438.749

initial set of free parameter values

a               = 1
b               = 1

After 8 iterations the fit converged.
final sum of squares of residuals : 3.72373e-015
rel. change during last iteration : -2.11847e-016

degrees of freedom    (FIT_NDF)                        : 8
rms of residuals      (FIT_STDFIT) = sqrt(WSSR/ndf)    : 2.15747e-008
variance of residuals (reduced chisquare) = WSSR/ndf   : 4.65467e-016

Final set of parameters            Asymptotic Standard Error
=======================            ==========================

a               = 6.19903e-010     +/- 2.375e-011   (3.832%)
b               = 1.07252e-007     +/- 1.474e-008   (13.74%)


correlation matrix of the fit parameters:

               a      b      
a               1.000 
b              -0.886  1.000 


*******************************************************************************
Sat Apr 11 18:59:15 2020


FIT:    data read from "SecuencialMejorEmpirico.dat" using 1:2
        format = x:z
        #datapoints = 10
        residuals are weighted equally (unit weight)

function used for fitting: C(x)
fitted parameters initialized with current variable values



 Iteration 0
 WSSR        : 10                delta(WSSR)/WSSR   : 0
 delta(WSSR) : 0                 limit for stopping : 1e-005
 lambda	  : 1

initial set of free parameter values

a               = 1

After 5 iterations the fit converged.
final sum of squares of residuals : 3.99713e-018
rel. change during last iteration : -2.06222e-014

degrees of freedom    (FIT_NDF)                        : 9
rms of residuals      (FIT_STDFIT) = sqrt(WSSR/ndf)    : 6.66428e-010
variance of residuals (reduced chisquare) = WSSR/ndf   : 4.44126e-019

Final set of parameters            Asymptotic Standard Error
=======================            ==========================

a               = 3.22089e-008     +/- 2.107e-010   (0.6543%)


correlation matrix of the fit parameters:

               a      
a               1.000 
